<?xml version="1.0" encoding="UTF-8"?>
<!-- Generated by org.testng.reporters.JUnitXMLReporter -->
<testsuite ignored="0" hostname="dimadd" failures="0" tests="3" name="Surefire test" time="54.363" errors="0" timestamp="2023-12-05T03:56:12 MSK">
  <testcase classname="test.AVTest" name="CheckMostExpensiveE39" time="14.625"/>
  <testcase classname="test.AVTest" name="authTestCase" time="9.443"/>
  <testcase classname="test.AVTest" name="filterExpensiveBMWs" time="9.354"/>
</testsuite> <!-- Surefire test -->
