<?xml version="1.0" encoding="UTF-8"?>
<testng-results ignored="0" total="3" passed="3" failed="0" skipped="0">
  <reporter-output>
  </reporter-output>
  <suite started-at="2023-12-05T03:55:18 MSK" name="Surefire suite" finished-at="2023-12-05T03:56:12 MSK" duration-ms="54363">
    <groups>
    </groups>
    <test started-at="2023-12-05T03:55:18 MSK" name="Surefire test" finished-at="2023-12-05T03:56:12 MSK" duration-ms="54363">
      <class name="test.AVTest">
        <test-method is-config="true" signature="setup()[pri:0, instance:test.AVTest@13c10b87]" started-at="2023-12-05T03:55:18 MSK" name="setup" finished-at="2023-12-05T03:55:31 MSK" duration-ms="12730" status="PASS">
          <reporter-output>
          </reporter-output>
        </test-method> <!-- setup -->
        <test-method signature="CheckMostExpensiveE39()[pri:0, instance:test.AVTest@13c10b87]" started-at="2023-12-05T03:55:31 MSK" name="CheckMostExpensiveE39" finished-at="2023-12-05T03:55:46 MSK" duration-ms="14625" status="PASS">
          <reporter-output>
          </reporter-output>
        </test-method> <!-- CheckMostExpensiveE39 -->
        <test-method is-config="true" signature="getdown()[pri:0, instance:test.AVTest@13c10b87]" started-at="2023-12-05T03:55:46 MSK" name="getdown" finished-at="2023-12-05T03:55:46 MSK" duration-ms="251" status="PASS">
          <reporter-output>
          </reporter-output>
        </test-method> <!-- getdown -->
        <test-method is-config="true" signature="setup()[pri:0, instance:test.AVTest@13c10b87]" started-at="2023-12-05T03:55:46 MSK" name="setup" finished-at="2023-12-05T03:55:49 MSK" duration-ms="3156" status="PASS">
          <reporter-output>
          </reporter-output>
        </test-method> <!-- setup -->
        <test-method signature="authTestCase()[pri:0, instance:test.AVTest@13c10b87]" started-at="2023-12-05T03:55:49 MSK" name="authTestCase" finished-at="2023-12-05T03:55:58 MSK" duration-ms="9443" status="PASS">
          <reporter-output>
          </reporter-output>
        </test-method> <!-- authTestCase -->
        <test-method is-config="true" signature="getdown()[pri:0, instance:test.AVTest@13c10b87]" started-at="2023-12-05T03:55:58 MSK" name="getdown" finished-at="2023-12-05T03:55:58 MSK" duration-ms="122" status="PASS">
          <reporter-output>
          </reporter-output>
        </test-method> <!-- getdown -->
        <test-method is-config="true" signature="setup()[pri:0, instance:test.AVTest@13c10b87]" started-at="2023-12-05T03:55:58 MSK" name="setup" finished-at="2023-12-05T03:56:03 MSK" duration-ms="4498" status="PASS">
          <reporter-output>
          </reporter-output>
        </test-method> <!-- setup -->
        <test-method signature="filterExpensiveBMWs()[pri:0, instance:test.AVTest@13c10b87]" started-at="2023-12-05T03:56:03 MSK" name="filterExpensiveBMWs" finished-at="2023-12-05T03:56:12 MSK" duration-ms="9354" status="PASS">
          <reporter-output>
          </reporter-output>
        </test-method> <!-- filterExpensiveBMWs -->
        <test-method is-config="true" signature="getdown()[pri:0, instance:test.AVTest@13c10b87]" started-at="2023-12-05T03:56:12 MSK" name="getdown" finished-at="2023-12-05T03:56:12 MSK" duration-ms="140" status="PASS">
          <reporter-output>
          </reporter-output>
        </test-method> <!-- getdown -->
      </class> <!-- test.AVTest -->
    </test> <!-- Surefire test -->
  </suite> <!-- Surefire suite -->
</testng-results>
